<?xml version="1.0" encoding="UTF-8"?>
<!-- Generated by org.testng.reporters.JUnitReportReporter -->
<testsuite hostname="Kaushals-MBP.hsd1.ga.comcast.net" failures="0" tests="1" name="TestingTekarch" time="4.855" errors="0" timestamp="2021-09-25T09:44:34 GMT-04:00" skipped="0">
  <testcase classname="TestingTekarch" name="verification" time="4.855"/>
  <system-out/>
</testsuite> <!-- TestingTekarch -->
