<?xml version="1.0" encoding="UTF-8"?>
<!-- Generated by org.testng.reporters.JUnitReportReporter -->
<testsuite hostname="Kaushals-MacBook-Pro.local" failures="0" tests="2" name="restapi.JsonValidation" time="3.173" errors="0" timestamp="30 Oct 2021 15:24:36 GMT" skipped="0">
  <testcase classname="restapi.JsonValidation" name="verifyTestData" time="0.760"/>
  <testcase classname="restapi.JsonValidation" name="validate" time="2.413"/>
</testsuite> <!-- restapi.JsonValidation -->
