<?xml version="1.0" encoding="UTF-8"?>
<!-- Generated by org.testng.reporters.JUnitReportReporter -->
<testsuite hostname="Kaushals-MacBook-Pro.local" failures="0" tests="1" name="restapi.ApiAutomation" time="8.876" errors="0" timestamp="30 Oct 2021 19:46:38 GMT" skipped="0">
  <testcase classname="restapi.ApiAutomation" name="validateGetData" time="8.876"/>
</testsuite> <!-- restapi.ApiAutomation -->
