<?xml version="1.0" encoding="UTF-8"?>
<!-- Generated by org.testng.reporters.JUnitReportReporter -->
<testsuite hostname="Kaushals-MacBook-Pro.local" failures="0" tests="1" name="com.training.test.opportunity.opportuntyTest" time="22.962" errors="0" timestamp="2021-10-25T22:52:24 GMT-04:00" skipped="0">
  <testcase classname="com.training.test.opportunity.opportuntyTest" name="CreatOpportunity" time="22.962"/>
  <system-out/>
</testsuite> <!-- com.training.test.opportunity.opportuntyTest -->
