<?xml version="1.0" encoding="UTF-8"?>
<!-- Generated by org.testng.reporters.JUnitReportReporter -->
<testsuite hostname="Kaushals-MacBook-Pro.local" failures="0" tests="1" name="com.training.utilities.Constants" time="0.002" errors="0" timestamp="2021-09-27T18:04:32 GMT-04:00" skipped="0">
  <testcase classname="com.training.utilities.Constants" name="printuserdir" time="0.002"/>
  <system-out/>
</testsuite> <!-- com.training.utilities.Constants -->
