<?xml version="1.0" encoding="UTF-8"?>
<!-- Generated by org.testng.reporters.JUnitReportReporter -->
<testsuite hostname="Kaushals-MacBook-Pro.local" failures="0" tests="1" name="com.training.test.lead.LeadTest" time="17.551" errors="0" timestamp="2021-11-05T22:26:29 GMT-04:00" skipped="0">
  <testcase classname="com.training.test.lead.LeadTest" name="CreatOpportunity" time="17.551"/>
  <system-out/>
</testsuite> <!-- com.training.test.lead.LeadTest -->
