<?xml version="1.0" encoding="UTF-8"?>
<!-- Generated by org.testng.reporters.JUnitReportReporter -->
<testsuite hostname="Kaushals-MacBook-Pro.local" failures="0" tests="1" name="com.training.test.home.HomeTest" time="22.572" errors="0" timestamp="2021-10-25T13:11:42 GMT-04:00" skipped="0">
  <testcase classname="com.training.test.home.HomeTest" name="CalanderNReminder" time="22.572"/>
  <system-out/>
</testsuite> <!-- com.training.test.home.HomeTest -->
