<?xml version="1.0" encoding="UTF-8"?>
<!-- Generated by org.testng.reporters.JUnitReportReporter -->
<testsuite hostname="Kaushals-MacBook-Pro.local" failures="0" tests="1" name="com.training.test.login.LoginTest1" time="6.152" errors="0" timestamp="2021-10-02T21:09:44 GMT-04:00" skipped="0">
  <testcase classname="com.training.test.login.LoginTest1" name="Forgot_Password_4_A" time="6.152"/>
  <system-out/>
</testsuite> <!-- com.training.test.login.LoginTest1 -->
