<?xml version="1.0" encoding="UTF-8"?>
<!-- Generated by org.testng.reporters.JUnitReportReporter -->
<testsuite hostname="Kaushals-MacBook-Pro.local" failures="0" tests="1" name="com.training.test.login.LoginTest" time="9.021" errors="0" timestamp="2021-10-28T15:57:42 GMT-04:00" skipped="0">
  <testcase classname="com.training.test.login.LoginTest" name="validateloginbyclearpwd" time="9.021"/>
  <system-out/>
</testsuite> <!-- com.training.test.login.LoginTest -->
