<?xml version="1.0" encoding="UTF-8"?>
<!-- Generated by org.testng.reporters.JUnitReportReporter -->
<testsuite hostname="Kaushals-MacBook-Pro.local" failures="0" tests="1" name="com.training.test.contact.ContactTest" time="22.024" errors="0" timestamp="2021-10-06T21:14:02 GMT-04:00" skipped="0">
  <testcase classname="com.training.test.contact.ContactTest" name="SaveNNew" time="22.024"/>
  <system-out/>
</testsuite> <!-- com.training.test.contact.ContactTest -->
