<?xml version="1.0" encoding="UTF-8"?>
<!-- Generated by org.testng.reporters.JUnitReportReporter -->
<testsuite hostname="Kaushals-MacBook-Pro.local" failures="0" tests="1" name="com.training.test.home.HomeTest1" time="17.994" errors="0" timestamp="2021-10-02T19:44:09 GMT-04:00" skipped="0">
  <testcase classname="com.training.test.home.HomeTest1" name="TestCase_6" time="17.994"/>
  <system-out/>
</testsuite> <!-- com.training.test.home.HomeTest1 -->
