<?xml version="1.0" encoding="UTF-8"?>
<!-- Generated by org.testng.reporters.JUnitReportReporter -->
<testsuite hostname="Kaushals-MBP.hsd1.ga.comcast.net" failures="0" tests="1" name="com.training.utilities.Constant" time="0.007" errors="0" timestamp="2021-09-26T11:42:12 GMT-04:00" skipped="0">
  <testcase classname="com.training.utilities.Constant" name="printuserdir" time="0.007"/>
  <system-out/>
</testsuite> <!-- com.training.utilities.Constant -->
