<?xml version="1.0" encoding="UTF-8"?>
<!-- Generated by org.testng.reporters.JUnitReportReporter -->
<testsuite hostname="Kaushals-MacBook-Pro.local" failures="0" tests="1" name="mavenproject.SeleniumDay2" time="7.911" errors="0" timestamp="2021-09-15T21:57:26 GMT-04:00" skipped="0">
  <testcase classname="mavenproject.SeleniumDay2" name="Day2Selenium" time="7.911"/>
  <system-out/>
</testsuite> <!-- mavenproject.SeleniumDay2 -->
