<?xml version="1.0" encoding="UTF-8"?>
<!-- Generated by org.testng.reporters.JUnitReportReporter -->
<testsuite hostname="Kaushals-MacBook-Pro.local" failures="0" tests="1" name="salesforceTestng.SalesfourceTestingTest2" time="9.775" errors="0" timestamp="2021-09-21T18:08:20 GMT-04:00" skipped="0">
  <testcase classname="salesforceTestng.SalesfourceTestingTest2" name="velidate" time="9.775"/>
  <system-out/>
</testsuite> <!-- salesforceTestng.SalesfourceTestingTest2 -->
