<?xml version="1.0" encoding="UTF-8"?>
<!-- Generated by org.testng.reporters.JUnitReportReporter -->
<testsuite hostname="Kaushals-MacBook-Pro.local" failures="0" tests="2" name="salesforceTestng.DemoClasswithMethods" time="0.013" errors="0" timestamp="2021-09-21T22:44:13 GMT-04:00" skipped="0">
  <testcase classname="salesforceTestng.DemoClasswithMethods" name="methodTwo" time="0.011"/>
  <system-out/>
  <testcase classname="salesforceTestng.DemoClasswithMethods" name="methOdone" time="0.002"/>
  <system-out/>
</testsuite> <!-- salesforceTestng.DemoClasswithMethods -->
