<?xml version="1.0" encoding="UTF-8"?>
<!-- Generated by org.testng.reporters.JUnitReportReporter -->
<testsuite hostname="Kaushals-MBP.hsd1.ga.comcast.net" failures="0" tests="1" name="com.training.testcases.TestingTekarch" time="5.150" errors="0" timestamp="2021-09-21T11:48:05 GMT-04:00" skipped="0">
  <testcase classname="com.training.testcases.TestingTekarch" name="verification" time="5.150"/>
  <system-out/>
</testsuite> <!-- com.training.testcases.TestingTekarch -->
