<?xml version="1.0" encoding="UTF-8"?>
<!-- Generated by org.testng.reporters.JUnitReportReporter -->
<testsuite hostname="Kaushals-MacBook-Pro.local" failures="0" tests="1" name="mavenproject.SelectOption" time="8.158" errors="0" timestamp="2021-09-14T19:07:54 GMT-04:00" skipped="0">
  <testcase classname="mavenproject.SelectOption" name="daytwoselenium" time="8.158"/>
  <system-out/>
</testsuite> <!-- mavenproject.SelectOption -->
