<?xml version="1.0" encoding="UTF-8"?>
<!-- Generated by org.testng.reporters.JUnitReportReporter -->
<testsuite hostname="Kaushals-MBP.hsd1.ga.comcast.net" failures="0" tests="1" name="com.training.selenium.SalesfourceTestingTest3" time="9.432" errors="0" timestamp="2021-09-17T09:43:17 GMT-04:00" skipped="0">
  <testcase classname="com.training.selenium.SalesfourceTestingTest3" name="velidate" time="9.432"/>
  <system-out/>
</testsuite> <!-- com.training.selenium.SalesfourceTestingTest3 -->
