<?xml version="1.0" encoding="UTF-8"?>
<!-- Generated by org.testng.reporters.JUnitReportReporter -->
<testsuite hostname="Kaushals-MacBook-Pro.local" failures="0" tests="1" name="salesforceTestng.SalesforceTestingTest4" time="5.032" errors="0" timestamp="2021-09-20T20:43:22 GMT-04:00" skipped="0">
  <testcase classname="salesforceTestng.SalesforceTestingTest4" name="velidate" time="5.032"/>
  <system-out/>
</testsuite> <!-- salesforceTestng.SalesforceTestingTest4 -->
