<?xml version="1.0" encoding="UTF-8"?>
<!-- Generated by org.testng.reporters.JUnitReportReporter -->
<testsuite hostname="Kaushals-MBP.hsd1.ga.comcast.net" failures="0" tests="1" name="com.training.testcases.robotClass" time="4.626" errors="0" timestamp="2021-09-22T11:23:07 GMT-04:00" skipped="0">
  <testcase classname="com.training.testcases.robotClass" name="verification" time="4.626"/>
  <system-out/>
</testsuite> <!-- com.training.testcases.robotClass -->
