<?xml version="1.0" encoding="UTF-8"?>
<!-- Generated by org.testng.reporters.JUnitReportReporter -->
<testsuite hostname="Kaushals-MBP.hsd1.ga.comcast.net" failures="0" tests="1" name="com.training.selenium.SalesforceTestng" time="5.007" errors="0" timestamp="2021-09-17T09:22:58 GMT-04:00" skipped="0">
  <testcase classname="com.training.selenium.SalesforceTestng" name="velidate" time="5.007"/>
  <system-out/>
</testsuite> <!-- com.training.selenium.SalesforceTestng -->
