<?xml version="1.0" encoding="UTF-8"?>
<!-- Generated by org.testng.reporters.JUnitReportReporter -->
<testsuite hostname="Kaushals-MBP.hsd1.ga.comcast.net" failures="0" tests="1" name="mavenproject.TrainingBase" time="8.509" errors="0" timestamp="2021-09-16T12:03:27 GMT-04:00" skipped="0">
  <testcase classname="mavenproject.TrainingBase" name="Validatefeatures" time="8.509"/>
  <system-out/>
</testsuite> <!-- mavenproject.TrainingBase -->
