<?xml version="1.0" encoding="UTF-8"?>
<!-- Generated by org.testng.reporters.JUnitReportReporter -->
<testsuite hostname="Kaushals-MacBook-Pro.local" failures="0" tests="3" name="salesforceTestng.MethodsForTestingSF" time="19.507" errors="0" timestamp="2021-09-21T22:44:13 GMT-04:00" skipped="0">
  <testcase classname="salesforceTestng.MethodsForTestingSF" name="InvalidCredential" time="5.681"/>
  <system-out/>
  <testcase classname="salesforceTestng.MethodsForTestingSF" name="Validlogin" time="8.481"/>
  <system-out/>
  <testcase classname="salesforceTestng.MethodsForTestingSF" name="LoginwithoutPassword" time="5.345"/>
  <system-out/>
</testsuite> <!-- salesforceTestng.MethodsForTestingSF -->
