<?xml version="1.0" encoding="UTF-8"?>
<!-- Generated by org.testng.reporters.JUnitReportReporter -->
<testsuite hostname="Kaushals-MacBook-Pro.local" failures="0" tests="1" name="salesforceTestng.SalesforceTestngTest1" time="0.012" errors="0" timestamp="2021-09-21T22:44:13 GMT-04:00" skipped="0">
  <testcase classname="salesforceTestng.SalesforceTestngTest1" name="message" time="0.012"/>
  <system-out/>
</testsuite> <!-- salesforceTestng.SalesforceTestngTest1 -->
