<?xml version="1.0" encoding="UTF-8"?>
<!-- Generated by org.testng.reporters.JUnitReportReporter -->
<testsuite hostname="Kaushals-MacBook-Pro.local" failures="0" tests="5" name="com.training.test.login.LoginTest" time="45.503" errors="0" timestamp="30 Oct 2021 20:27:10 GMT" skipped="0">
  <testcase classname="com.training.test.login.LoginTest" name="validateForgotpwd" time="10.557"/>
  <testcase classname="com.training.test.login.LoginTest" name="validatelogin" time="9.359"/>
  <testcase classname="com.training.test.login.LoginTest" name="validateloginbyclearpwd" time="6.536"/>
  <testcase classname="com.training.test.login.LoginTest" name="validateloginforrememberme" time="8.412"/>
  <testcase classname="com.training.test.login.LoginTest" name="validateInvalidId" time="10.639"/>
</testsuite> <!-- com.training.test.login.LoginTest -->
